<?xml version="1.0" encoding="UTF-8"?>
<!-- Generated by org.testng.reporters.JUnitXMLReporter -->
<testsuite ignored="0" hostname="DESKTOP-UVU5C3P" failures="1" tests="11" name="Test" time="87.849" errors="0" timestamp="2023-11-08T23:35:03 EST">
  <testcase classname="com.tutorialsninja_Nov04_TestCase.RegisterTest_Dummy" name="verifyingRegisterWithMandatoryFields" time="2.048"/>
  <testcase classname="com.tutorialsninja_Nov04_TestCase.RegisterTest_Dummy" name="verifyingRegisterWithAllFields" time="3.515">
    <failure type="org.openqa.selenium.NoSuchElementException" message="no such element: Unable to locate element: {&amp;quot;method&amp;quot;:&amp;quot;xpath&amp;quot;,&amp;quot;selector&amp;quot;:&amp;quot;//p[text() = &amp;apos;Congratulations! Your new account has been successfully created!&amp;apos;]&amp;quot;}
  (Session info: chrome=119.0.6045.123)
For documentation on this error, please visit: https://www.selenium.dev/documentation/webdriver/troubleshooting/errors#no-such-element-exception
Build info: version: &amp;apos;4.12.1&amp;apos;, revision: &amp;apos;8e34639b11&amp;apos;
System info: os.name: &amp;apos;Windows 10&amp;apos;, os.arch: &amp;apos;amd64&amp;apos;, os.version: &amp;apos;10.0&amp;apos;, java.version: &amp;apos;17.0.8&amp;apos;
Driver info: org.openqa.selenium.chrome.ChromeDriver
Command: [8369b040ddd9e24eeaf97a0c3a191b13, findElement {using=xpath, value=//p[text() = &amp;apos;Congratulations! Your new account has been successfully created!&amp;apos;]}]
Capabilities {acceptInsecureCerts: false, browserName: chrome, browserVersion: 119.0.6045.123, chrome: {chromedriverVersion: 119.0.6045.105 (38c72552c5e..., userDataDir: C:\Users\shahr\AppData\Loca...}, fedcm:accounts: true, goog:chromeOptions: {debuggerAddress: localhost:52719}, networkConnectionEnabled: false, pageLoadStrategy: normal, platformName: windows, proxy: Proxy(), se:cdp: ws://localhost:52719/devtoo..., se:cdpVersion: 119.0.6045.123, setWindowRect: true, strictFileInteractability: false, timeouts: {implicit: 0, pageLoad: 300000, script: 30000}, unhandledPromptBehavior: dismiss and notify, webauthn:extension:credBlob: true, webauthn:extension:largeBlob: true, webauthn:extension:minPinLength: true, webauthn:extension:prf: true, webauthn:virtualAuthenticators: true}
Session ID: 8369b040ddd9e24eeaf97a0c3a191b13">
      <![CDATA[org.openqa.selenium.NoSuchElementException: no such element: Unable to locate element: {"method":"xpath","selector":"//p[text() = 'Congratulations! Your new account has been successfully created!']"}
  (Session info: chrome=119.0.6045.123)
For documentation on this error, please visit: https://www.selenium.dev/documentation/webdriver/troubleshooting/errors#no-such-element-exception
Build info: version: '4.12.1', revision: '8e34639b11'
System info: os.name: 'Windows 10', os.arch: 'amd64', os.version: '10.0', java.version: '17.0.8'
Driver info: org.openqa.selenium.chrome.ChromeDriver
Command: [8369b040ddd9e24eeaf97a0c3a191b13, findElement {using=xpath, value=//p[text() = 'Congratulations! Your new account has been successfully created!']}]
Capabilities {acceptInsecureCerts: false, browserName: chrome, browserVersion: 119.0.6045.123, chrome: {chromedriverVersion: 119.0.6045.105 (38c72552c5e..., userDataDir: C:\Users\shahr\AppData\Loca...}, fedcm:accounts: true, goog:chromeOptions: {debuggerAddress: localhost:52719}, networkConnectionEnabled: false, pageLoadStrategy: normal, platformName: windows, proxy: Proxy(), se:cdp: ws://localhost:52719/devtoo..., se:cdpVersion: 119.0.6045.123, setWindowRect: true, strictFileInteractability: false, timeouts: {implicit: 0, pageLoad: 300000, script: 30000}, unhandledPromptBehavior: dismiss and notify, webauthn:extension:credBlob: true, webauthn:extension:largeBlob: true, webauthn:extension:minPinLength: true, webauthn:extension:prf: true, webauthn:virtualAuthenticators: true}
Session ID: 8369b040ddd9e24eeaf97a0c3a191b13
at org.openqa.selenium.remote.codec.w3c.W3CHttpResponseCodec.createException(W3CHttpResponseCodec.java:200)
at org.openqa.selenium.remote.codec.w3c.W3CHttpResponseCodec.decode(W3CHttpResponseCodec.java:133)
at org.openqa.selenium.remote.codec.w3c.W3CHttpResponseCodec.decode(W3CHttpResponseCodec.java:52)
at org.openqa.selenium.remote.HttpCommandExecutor.execute(HttpCommandExecutor.java:191)
at org.openqa.selenium.remote.service.DriverCommandExecutor.invokeExecute(DriverCommandExecutor.java:196)
at org.openqa.selenium.remote.service.DriverCommandExecutor.execute(DriverCommandExecutor.java:171)
at org.openqa.selenium.remote.RemoteWebDriver.execute(RemoteWebDriver.java:602)
at org.openqa.selenium.remote.ElementLocation$ElementFinder$2.findElement(ElementLocation.java:165)
at org.openqa.selenium.remote.ElementLocation.findElement(ElementLocation.java:59)
at org.openqa.selenium.remote.RemoteWebDriver.findElement(RemoteWebDriver.java:359)
at org.openqa.selenium.remote.RemoteWebDriver.findElement(RemoteWebDriver.java:353)
at com.tutorialsninja_Nov04_TestCase.RegisterTest_Dummy.verifyingRegisterWithAllFields(RegisterTest_Dummy.java:59)
at java.base/java.util.ArrayList.forEach(ArrayList.java:1511)
... Removed 32 stack frames]]>
    </failure>
  </testcase> <!-- verifyingRegisterWithAllFields -->
  <testcase classname="com.tutorialsninja_Nov04_TestCase.RegisterTest_Dummy" name="verifyingRegisterWithExistingEmail" time="1.429"/>
  <testcase classname="com.tutorialsninja_Nov04_TestCase.RegisterTest_Dummy" name="verifyingRegisterWithNoFields" time="0.903"/>
  <testcase classname="com.tutorialsninja_Nov04_TestCase.LoginTest_Dummy" name="verifyLoginWithValidCredentials" time="1.385"/>
  <testcase classname="com.tutorialsninja_Nov04_TestCase.LoginTest_Dummy" name="verifyLoginWithInValidCredentials" time="0.931"/>
  <testcase classname="com.tutorialsninja_Nov04_TestCase.LoginTest_Dummy" name="verifyLoginWithInValidPassword" time="0.871"/>
  <testcase classname="com.tutorialsninja_Nov04_TestCase.LoginTest_Dummy" name="verifyLoginWithInValidEmailAndValidPassWord" time="0.962"/>
  <testcase classname="com.tutorialsninja_Nov04_TestCase.SearchProduct_Dummy_Test" name="verifySearchWithValidProduct" time="0.895"/>
  <testcase classname="com.tutorialsninja_Nov04_TestCase.SearchProduct_Dummy_Test" name="verifySearchWithInvalidProduct" time="0.776"/>
  <testcase classname="com.tutorialsninja_Nov04_TestCase.SearchProduct_Dummy_Test" name="verifySearchWithNoProduct" time="0.63"/>
</testsuite> <!-- Test -->
